<?xml version="1.0" encoding="UTF-8"?>
<testsuites name="Suite FalabellaAUT" time="25.901" tests="2" failures="0" errors="1">
   <testsuite name="Suite FalabellaAUT" tests="2" failures="0" errors="1" time="25.901" timestamp="2022-08-17 14:48:42" hostname="FOX_PREDATOR - FOX_PREDATOR" id="Test Suites/Suite FalabellaAUT">
      <properties>
         <property name="deviceName" value=""/>
         <property name="devicePlatform" value=""/>
         <property name="logFolder" value="D:\\ProyectosAUT\\Katalon\\FalabellaAUT\\FalabellaAUT\\Reports\\20220817_144818\\Suite FalabellaAUT\\20220817_144818"/>
         <property name="logFiles" value="D:\\ProyectosAUT\\Katalon\\FalabellaAUT\\FalabellaAUT\\Reports\\20220817_144818\\Suite FalabellaAUT\\20220817_144818\\execution0.log"/>
         <property name="attachments" value=""/>
         <property name="hostName" value="FOX_PREDATOR - FOX_PREDATOR"/>
         <property name="os" value="Windows 10 64bit"/>
         <property name="katalonVersion" value="7.5.5.1"/>
         <property name="browser" value="Firefox 103.0"/>
         <property name="hostAddress" value="192.168.0.102"/>
         <property name="sessionId" value="9ad583a8-222a-47e9-87ff-728abd32ae8d"/>
         <property name="seleniumVersion" value="3.141.59"/>
         <property name="proxyInformation" value="ProxyInformation { proxyOption=NO_PROXY, proxyServerType=HTTP, username=, password=********, proxyServerAddress=, proxyServerPort=0, executionList=\&quot;\&quot;, isApplyToDesiredCapabilities=true }"/>
         <property name="platform" value="Windows 10"/>
      </properties>
      <testcase name="Test Cases/inicioSesion/01 - aperturaPagina" time="20.367" classname="Test Cases/inicioSesion/01 - aperturaPagina" status="PASSED">
         <system-out><![CDATA[2022-08-17 14:48:43 - [TEST_CASE][PASSED] - Test Cases/inicioSesion/01 - aperturaPagina: Test Cases/inicioSesion/01 - aperturaPagina

2022-08-17 14:48:44 - [TEST_STEP][PASSED] - Fecha = new java.util.Date(): null

2022-08-17 14:48:44 - [TEST_STEP][PASSED] - Dia = Fecha.format("dd_MM_yy"): null

2022-08-17 14:48:44 - [TEST_STEP][PASSED] - Hora = Fecha.format("hh_mm_ss"): null

2022-08-17 14:48:44 - [TEST_STEP][PASSED] - robot = new java.awt.Robot(): null

2022-08-17 14:48:45 - [TEST_STEP][PASSED] - openBrowser(""): Browser is opened with url: ''

2022-08-17 14:48:46 - [MESSAGE][INFO] - Starting 'Firefox' driver

2022-08-17 14:48:46 - [MESSAGE][INFO] - Action delay is set to 0 milliseconds

2022-08-17 14:48:56 - [MESSAGE][PASSED] - Browser is opened with url: ''

2022-08-17 14:48:56 - [TEST_STEP][PASSED] - navigateToUrl("https://www.falabella.com/falabella-cl"): Navigate to 'https://www.falabella.com/falabella-cl' successfully

2022-08-17 14:49:00 - [MESSAGE][PASSED] - Navigate to 'https://www.falabella.com/falabella-cl' successfully

2022-08-17 14:49:00 - [TEST_STEP][PASSED] - if (verifyElementPresent(findTestObject("01 - Login/Page_falabellacom  Todo lo que necesitas en_591ae0/div_Logo_Falabella"), 2, OPTIONAL)): null

2022-08-17 14:49:03 - [MESSAGE][PASSED] - Object 'Object Repository/01 - Login/Page_falabellacom  Todo lo que necesitas en_591ae0/div_Logo_Falabella' is present

2022-08-17 14:49:03 - [TEST_STEP][PASSED] - out.println("-> Apertura pagina Falabella OK"): null]]></system-out>
         <system-err><![CDATA[]]></system-err>
      </testcase>
      <testcase name="Test Cases/inicioSesion/02 - PopUp articulo carrito" time="0.7" classname="Test Cases/inicioSesion/02 - PopUp articulo carrito" status="ERROR">
         <error type="ERROR" message="Test Cases/inicioSesion/02 - PopUp articulo carrito FAILED.
Reason:
org.codehaus.groovy.control.MultipleCompilationErrorsException: startup failed:
file:/D:/ProyectosAUT/Katalon/FalabellaAUT/FalabellaAUT/Scripts/inicioSesion/02%20-%20PopUp%20articulo%20carrito/Script1660690344903.groovy: 22: unable to resolve class Robot 
 @ line 22, column 7.
   Robot robot = new Robot();
         ^

file:/D:/ProyectosAUT/Katalon/FalabellaAUT/FalabellaAUT/Scripts/inicioSesion/02%20-%20PopUp%20articulo%20carrito/Script1660690344903.groovy: 22: unable to resolve class Robot 
 @ line 22, column 15.
   Robot robot = new Robot();
                 ^

2 errors

	at com.kms.katalon.core.main.ScriptEngine.getScript(ScriptEngine.java:199)
	at com.kms.katalon.core.main.ScriptEngine.run(ScriptEngine.java:194)
	at com.kms.katalon.core.main.ScriptEngine.runScriptAsRawText(ScriptEngine.java:119)
	at com.kms.katalon.core.main.TestCaseExecutor.runScript(TestCaseExecutor.java:337)
	at com.kms.katalon.core.main.TestCaseExecutor.doExecute(TestCaseExecutor.java:328)
	at com.kms.katalon.core.main.TestCaseExecutor.processExecutionPhase(TestCaseExecutor.java:307)
	at com.kms.katalon.core.main.TestCaseExecutor.accessMainPhase(TestCaseExecutor.java:299)
	at com.kms.katalon.core.main.TestCaseExecutor.execute(TestCaseExecutor.java:233)
	at com.kms.katalon.core.main.TestSuiteExecutor.accessTestCaseMainPhase(TestSuiteExecutor.java:169)
	at com.kms.katalon.core.main.TestSuiteExecutor.accessTestSuiteMainPhase(TestSuiteExecutor.java:142)
	at com.kms.katalon.core.main.TestSuiteExecutor.execute(TestSuiteExecutor.java:91)
	at com.kms.katalon.core.main.TestCaseMain.startTestSuite(TestCaseMain.java:157)
	at com.kms.katalon.core.main.TestCaseMain$startTestSuite$0.call(Unknown Source)
	at TempTestSuite1660758498692.run(TempTestSuite1660758498692.groovy:37)
"/>
         <system-out><![CDATA[2022-08-17 14:49:03 - [TEST_CASE][ERROR] - Test Cases/inicioSesion/02 - PopUp articulo carrito: Test Cases/inicioSesion/02 - PopUp articulo carrito FAILED.
Reason:
org.codehaus.groovy.control.MultipleCompilationErrorsException: startup failed:
file:/D:/ProyectosAUT/Katalon/FalabellaAUT/FalabellaAUT/Scripts/inicioSesion/02%20-%20PopUp%20articulo%20carrito/Script1660690344903.groovy: 22: unable to resolve class Robot 
 @ line 22, column 7.
   Robot robot = new Robot();
         ^

file:/D:/ProyectosAUT/Katalon/FalabellaAUT/FalabellaAUT/Scripts/inicioSesion/02%20-%20PopUp%20articulo%20carrito/Script1660690344903.groovy: 22: unable to resolve class Robot 
 @ line 22, column 15.
   Robot robot = new Robot();
                 ^

2 errors

	at com.kms.katalon.core.main.ScriptEngine.getScript(ScriptEngine.java:199)
	at com.kms.katalon.core.main.ScriptEngine.run(ScriptEngine.java:194)
	at com.kms.katalon.core.main.ScriptEngine.runScriptAsRawText(ScriptEngine.java:119)
	at com.kms.katalon.core.main.TestCaseExecutor.runScript(TestCaseExecutor.java:337)
	at com.kms.katalon.core.main.TestCaseExecutor.doExecute(TestCaseExecutor.java:328)
	at com.kms.katalon.core.main.TestCaseExecutor.processExecutionPhase(TestCaseExecutor.java:307)
	at com.kms.katalon.core.main.TestCaseExecutor.accessMainPhase(TestCaseExecutor.java:299)
	at com.kms.katalon.core.main.TestCaseExecutor.execute(TestCaseExecutor.java:233)
	at com.kms.katalon.core.main.TestSuiteExecutor.accessTestCaseMainPhase(TestSuiteExecutor.java:169)
	at com.kms.katalon.core.main.TestSuiteExecutor.accessTestSuiteMainPhase(TestSuiteExecutor.java:142)
	at com.kms.katalon.core.main.TestSuiteExecutor.execute(TestSuiteExecutor.java:91)
	at com.kms.katalon.core.main.TestCaseMain.startTestSuite(TestCaseMain.java:157)
	at com.kms.katalon.core.main.TestCaseMain$startTestSuite$0.call(Unknown Source)
	at TempTestSuite1660758498692.run(TempTestSuite1660758498692.groovy:37)]]></system-out>
         <system-err><![CDATA[2022-08-17 14:49:03 - [TEST_CASE][ERROR] - Test Cases/inicioSesion/02 - PopUp articulo carrito: Test Cases/inicioSesion/02 - PopUp articulo carrito FAILED.
Reason:
org.codehaus.groovy.control.MultipleCompilationErrorsException: startup failed:
file:/D:/ProyectosAUT/Katalon/FalabellaAUT/FalabellaAUT/Scripts/inicioSesion/02%20-%20PopUp%20articulo%20carrito/Script1660690344903.groovy: 22: unable to resolve class Robot 
 @ line 22, column 7.
   Robot robot = new Robot();
         ^

file:/D:/ProyectosAUT/Katalon/FalabellaAUT/FalabellaAUT/Scripts/inicioSesion/02%20-%20PopUp%20articulo%20carrito/Script1660690344903.groovy: 22: unable to resolve class Robot 
 @ line 22, column 15.
   Robot robot = new Robot();
                 ^

2 errors

	at com.kms.katalon.core.main.ScriptEngine.getScript(ScriptEngine.java:199)
	at com.kms.katalon.core.main.ScriptEngine.run(ScriptEngine.java:194)
	at com.kms.katalon.core.main.ScriptEngine.runScriptAsRawText(ScriptEngine.java:119)
	at com.kms.katalon.core.main.TestCaseExecutor.runScript(TestCaseExecutor.java:337)
	at com.kms.katalon.core.main.TestCaseExecutor.doExecute(TestCaseExecutor.java:328)
	at com.kms.katalon.core.main.TestCaseExecutor.processExecutionPhase(TestCaseExecutor.java:307)
	at com.kms.katalon.core.main.TestCaseExecutor.accessMainPhase(TestCaseExecutor.java:299)
	at com.kms.katalon.core.main.TestCaseExecutor.execute(TestCaseExecutor.java:233)
	at com.kms.katalon.core.main.TestSuiteExecutor.accessTestCaseMainPhase(TestSuiteExecutor.java:169)
	at com.kms.katalon.core.main.TestSuiteExecutor.accessTestSuiteMainPhase(TestSuiteExecutor.java:142)
	at com.kms.katalon.core.main.TestSuiteExecutor.execute(TestSuiteExecutor.java:91)
	at com.kms.katalon.core.main.TestCaseMain.startTestSuite(TestCaseMain.java:157)
	at com.kms.katalon.core.main.TestCaseMain$startTestSuite$0.call(Unknown Source)
	at TempTestSuite1660758498692.run(TempTestSuite1660758498692.groovy:37)]]></system-err>
      </testcase>
      <system-out><![CDATA[2022-08-17 14:48:42 - [TEST_SUITE][ERROR] - Suite FalabellaAUT: Test Cases/inicioSesion/02 - PopUp articulo carrito FAILED.
Reason:
org.codehaus.groovy.control.MultipleCompilationErrorsException: startup failed:
file:/D:/ProyectosAUT/Katalon/FalabellaAUT/FalabellaAUT/Scripts/inicioSesion/02%20-%20PopUp%20articulo%20carrito/Script1660690344903.groovy: 22: unable to resolve class Robot 
 @ line 22, column 7.
   Robot robot = new Robot();
         ^

file:/D:/ProyectosAUT/Katalon/FalabellaAUT/FalabellaAUT/Scripts/inicioSesion/02%20-%20PopUp%20articulo%20carrito/Script1660690344903.groovy: 22: unable to resolve class Robot 
 @ line 22, column 15.
   Robot robot = new Robot();
                 ^

2 errors

	at com.kms.katalon.core.main.ScriptEngine.getScript(ScriptEngine.java:199)
	at com.kms.katalon.core.main.ScriptEngine.run(ScriptEngine.java:194)
	at com.kms.katalon.core.main.ScriptEngine.runScriptAsRawText(ScriptEngine.java:119)
	at com.kms.katalon.core.main.TestCaseExecutor.runScript(TestCaseExecutor.java:337)
	at com.kms.katalon.core.main.TestCaseExecutor.doExecute(TestCaseExecutor.java:328)
	at com.kms.katalon.core.main.TestCaseExecutor.processExecutionPhase(TestCaseExecutor.java:307)
	at com.kms.katalon.core.main.TestCaseExecutor.accessMainPhase(TestCaseExecutor.java:299)
	at com.kms.katalon.core.main.TestCaseExecutor.execute(TestCaseExecutor.java:233)
	at com.kms.katalon.core.main.TestSuiteExecutor.accessTestCaseMainPhase(TestSuiteExecutor.java:169)
	at com.kms.katalon.core.main.TestSuiteExecutor.accessTestSuiteMainPhase(TestSuiteExecutor.java:142)
	at com.kms.katalon.core.main.TestSuiteExecutor.execute(TestSuiteExecutor.java:91)
	at com.kms.katalon.core.main.TestCaseMain.startTestSuite(TestCaseMain.java:157)
	at com.kms.katalon.core.main.TestCaseMain$startTestSuite$0.call(Unknown Source)
	at TempTestSuite1660758498692.run(TempTestSuite1660758498692.groovy:37)]]></system-out>
      <system-err><![CDATA[2022-08-17 14:48:42 - [TEST_SUITE][ERROR] - Suite FalabellaAUT: Test Cases/inicioSesion/02 - PopUp articulo carrito FAILED.
Reason:
org.codehaus.groovy.control.MultipleCompilationErrorsException: startup failed:
file:/D:/ProyectosAUT/Katalon/FalabellaAUT/FalabellaAUT/Scripts/inicioSesion/02%20-%20PopUp%20articulo%20carrito/Script1660690344903.groovy: 22: unable to resolve class Robot 
 @ line 22, column 7.
   Robot robot = new Robot();
         ^

file:/D:/ProyectosAUT/Katalon/FalabellaAUT/FalabellaAUT/Scripts/inicioSesion/02%20-%20PopUp%20articulo%20carrito/Script1660690344903.groovy: 22: unable to resolve class Robot 
 @ line 22, column 15.
   Robot robot = new Robot();
                 ^

2 errors

	at com.kms.katalon.core.main.ScriptEngine.getScript(ScriptEngine.java:199)
	at com.kms.katalon.core.main.ScriptEngine.run(ScriptEngine.java:194)
	at com.kms.katalon.core.main.ScriptEngine.runScriptAsRawText(ScriptEngine.java:119)
	at com.kms.katalon.core.main.TestCaseExecutor.runScript(TestCaseExecutor.java:337)
	at com.kms.katalon.core.main.TestCaseExecutor.doExecute(TestCaseExecutor.java:328)
	at com.kms.katalon.core.main.TestCaseExecutor.processExecutionPhase(TestCaseExecutor.java:307)
	at com.kms.katalon.core.main.TestCaseExecutor.accessMainPhase(TestCaseExecutor.java:299)
	at com.kms.katalon.core.main.TestCaseExecutor.execute(TestCaseExecutor.java:233)
	at com.kms.katalon.core.main.TestSuiteExecutor.accessTestCaseMainPhase(TestSuiteExecutor.java:169)
	at com.kms.katalon.core.main.TestSuiteExecutor.accessTestSuiteMainPhase(TestSuiteExecutor.java:142)
	at com.kms.katalon.core.main.TestSuiteExecutor.execute(TestSuiteExecutor.java:91)
	at com.kms.katalon.core.main.TestCaseMain.startTestSuite(TestCaseMain.java:157)
	at com.kms.katalon.core.main.TestCaseMain$startTestSuite$0.call(Unknown Source)
	at TempTestSuite1660758498692.run(TempTestSuite1660758498692.groovy:37)]]></system-err>
   </testsuite>
</testsuites>
