<?xml version="1.0" encoding="UTF-8"?>
<testsuites name="Suite FalabellaAUT" time="47.31" tests="5" failures="1" errors="0">
   <testsuite name="Suite FalabellaAUT" tests="5" failures="1" errors="0" time="47.31" timestamp="2022-08-17 20:28:39" hostname="FOX_PREDATOR - 192.168.1.184" id="Test Suites/Suite FalabellaAUT">
      <properties>
         <property name="deviceName" value=""/>
         <property name="devicePlatform" value=""/>
         <property name="logFolder" value="D:\\ProyectosAUT\\Katalon\\FalabellaAUT\\FalabellaAUT\\Reports\\20220817_202834\\Suite FalabellaAUT\\20220817_202834"/>
         <property name="logFiles" value="D:\\ProyectosAUT\\Katalon\\FalabellaAUT\\FalabellaAUT\\Reports\\20220817_202834\\Suite FalabellaAUT\\20220817_202834\\execution0.log"/>
         <property name="attachments" value="D:\\ProyectosAUT\\Katalon\\FalabellaAUT\\FalabellaAUT\\Reports\\20220817_202834\\Suite FalabellaAUT\\20220817_202834\\1660778965079.png"/>
         <property name="hostName" value="FOX_PREDATOR - 192.168.1.184"/>
         <property name="os" value="Windows 10 64bit"/>
         <property name="katalonVersion" value="7.5.5.1"/>
         <property name="browser" value="Chrome 104.0.5112.81"/>
         <property name="hostAddress" value="192.168.1.184"/>
         <property name="sessionId" value="1a1eb8dc7dfff45cf140ff9c10ff8a9b"/>
         <property name="seleniumVersion" value="3.141.59"/>
         <property name="proxyInformation" value="ProxyInformation { proxyOption=NO_PROXY, proxyServerType=HTTP, username=, password=********, proxyServerAddress=, proxyServerPort=0, executionList=\&quot;\&quot;, isApplyToDesiredCapabilities=true }"/>
         <property name="platform" value="Windows 10"/>
      </properties>
      <testcase name="Test Cases/inicioSesion/01 - aperturaPagina" time="9.694" classname="Test Cases/inicioSesion/01 - aperturaPagina" status="PASSED">
         <system-out><![CDATA[2022-08-17 20:28:39 - [TEST_CASE][PASSED] - Test Cases/inicioSesion/01 - aperturaPagina: Test Cases/inicioSesion/01 - aperturaPagina

2022-08-17 20:28:40 - [TEST_STEP][PASSED] - Fecha = new java.util.Date(): null

2022-08-17 20:28:40 - [TEST_STEP][PASSED] - Dia = Fecha.format("dd_MM_yy"): null

2022-08-17 20:28:40 - [TEST_STEP][PASSED] - Hora = Fecha.format("hh_mm_ss"): null

2022-08-17 20:28:40 - [TEST_STEP][PASSED] - robot = new java.awt.Robot(): null

2022-08-17 20:28:40 - [TEST_STEP][PASSED] - openBrowser(""): Browser is opened with url: ''

2022-08-17 20:28:40 - [MESSAGE][INFO] - Starting 'Chrome' driver

2022-08-17 20:28:40 - [MESSAGE][INFO] - Action delay is set to 0 milliseconds

2022-08-17 20:28:43 - [MESSAGE][PASSED] - Browser is opened with url: ''

2022-08-17 20:28:43 - [TEST_STEP][PASSED] - navigateToUrl("https://www.falabella.com/falabella-cl"): Navigate to 'https://www.falabella.com/falabella-cl' successfully

2022-08-17 20:28:48 - [MESSAGE][PASSED] - Navigate to 'https://www.falabella.com/falabella-cl' successfully

2022-08-17 20:28:48 - [TEST_STEP][PASSED] - maximizeWindow(): Current window maximized

2022-08-17 20:28:49 - [MESSAGE][PASSED] - Current window maximized

2022-08-17 20:28:49 - [TEST_STEP][PASSED] - if (verifyElementPresent(findTestObject("01 - Login/Page_falabellacom  Todo lo que necesitas en_591ae0/div_Logo_Falabella"), 2, OPTIONAL)): null

2022-08-17 20:28:49 - [MESSAGE][PASSED] - Object 'Object Repository/01 - Login/Page_falabellacom  Todo lo que necesitas en_591ae0/div_Logo_Falabella' is present

2022-08-17 20:28:49 - [TEST_STEP][PASSED] - out.println("-> Apertura pagina Falabella OK"): null]]></system-out>
         <system-err><![CDATA[]]></system-err>
      </testcase>
      <testcase name="Test Cases/inicioSesion/02 - PopUp articulo carrito" time="12.077" classname="Test Cases/inicioSesion/02 - PopUp articulo carrito" status="PASSED">
         <system-out><![CDATA[2022-08-17 20:28:49 - [TEST_CASE][PASSED] - Test Cases/inicioSesion/02 - PopUp articulo carrito: Test Cases/inicioSesion/02 - PopUp articulo carrito

2022-08-17 20:28:49 - [TEST_STEP][PASSED] - Fecha = new java.util.Date(): null

2022-08-17 20:28:49 - [TEST_STEP][PASSED] - Dia = Fecha.format("dd_MM_yy"): null

2022-08-17 20:28:49 - [TEST_STEP][PASSED] - Hora = Fecha.format("hh_mm_ss"): null

2022-08-17 20:28:49 - [TEST_STEP][PASSED] - robot = new java.awt.Robot(): null

2022-08-17 20:28:49 - [TEST_STEP][PASSED] - textoItemCompra = <not implemented yet for class: org.codehaus.groovy.ast.expr.EmptyExpression>: null

2022-08-17 20:28:49 - [TEST_STEP][PASSED] - textoPreCarro = <not implemented yet for class: org.codehaus.groovy.ast.expr.EmptyExpression>: null

2022-08-17 20:28:49 - [TEST_STEP][PASSED] - if (verifyElementPresent(findTestObject("Object Repository/02 - PopUp articulo carrito/Page_Falabella_EnvioGratis/div__dy-lb-close"), 2, OPTIONAL)): null

2022-08-17 20:28:49 - [MESSAGE][PASSED] - Object 'Object Repository/02 - PopUp articulo carrito/Page_Falabella_EnvioGratis/div__dy-lb-close' is present

2022-08-17 20:28:49 - [TEST_STEP][PASSED] - click(findTestObject("Object Repository/02 - PopUp articulo carrito/Page_Falabella_EnvioGratis/div__dy-lb-close")): Object: 'Object Repository/02 - PopUp articulo carrito/Page_Falabella_EnvioGratis/div__dy-lb-close' is clicked on

2022-08-17 20:28:50 - [MESSAGE][PASSED] - Object: 'Object Repository/02 - PopUp articulo carrito/Page_Falabella_EnvioGratis/div__dy-lb-close' is clicked on

2022-08-17 20:28:50 - [TEST_STEP][PASSED] - if (verifyElementPresent(findTestObject("Object Repository/02 - PopUp articulo carrito/Page_Falabella_EnvioGratis/button_Aceptar"), 2, OPTIONAL)): null

2022-08-17 20:28:50 - [MESSAGE][PASSED] - Object 'Object Repository/02 - PopUp articulo carrito/Page_Falabella_EnvioGratis/button_Aceptar' is present

2022-08-17 20:28:50 - [TEST_STEP][PASSED] - click(findTestObject("Object Repository/02 - PopUp articulo carrito/Page_Falabella_EnvioGratis/button_Aceptar")): Object: 'Object Repository/02 - PopUp articulo carrito/Page_Falabella_EnvioGratis/button_Aceptar' is clicked on

2022-08-17 20:28:50 - [MESSAGE][PASSED] - Object: 'Object Repository/02 - PopUp articulo carrito/Page_Falabella_EnvioGratis/button_Aceptar' is clicked on

2022-08-17 20:28:50 - [TEST_STEP][PASSED] - if (verifyElementPresent(findTestObject("Object Repository/02 - PopUp articulo carrito/Page_Falabella_EnvioGratis/img_banner_Envio_Gratis"), 2, OPTIONAL)): null

2022-08-17 20:28:50 - [MESSAGE][PASSED] - Object 'Object Repository/02 - PopUp articulo carrito/Page_Falabella_EnvioGratis/img_banner_Envio_Gratis' is present

2022-08-17 20:28:50 - [TEST_STEP][PASSED] - click(findTestObject("Object Repository/02 - PopUp articulo carrito/Page_Falabella_EnvioGratis/img_banner_Envio_Gratis")): Object: 'Object Repository/02 - PopUp articulo carrito/Page_Falabella_EnvioGratis/img_banner_Envio_Gratis' is clicked on

2022-08-17 20:28:50 - [MESSAGE][PASSED] - Object: 'Object Repository/02 - PopUp articulo carrito/Page_Falabella_EnvioGratis/img_banner_Envio_Gratis' is clicked on

2022-08-17 20:28:50 - [TEST_STEP][PASSED] - if (verifyElementPresent(findTestObject("Object Repository/02 - PopUp articulo carrito/Page_Falabella_EnvioGratis/b_SubText_1er_subtitulo"), 2, OPTIONAL)): null

2022-08-17 20:28:54 - [MESSAGE][PASSED] - Object 'Object Repository/02 - PopUp articulo carrito/Page_Falabella_EnvioGratis/b_SubText_1er_subtitulo' is present

2022-08-17 20:28:54 - [TEST_STEP][PASSED] - textoItemCompra = getText(findTestObject("Object Repository/02 - PopUp articulo carrito/Page_Falabella_EnvioGratis/b_SubText_1er_subtitulo")): Text of object 'Object Repository/02 - PopUp articulo carrito/Page_Falabella_EnvioGratis/b_SubText_1er_subtitulo' is: 'GIORGIO ARMANI'

2022-08-17 20:28:54 - [MESSAGE][PASSED] - Text of object 'Object Repository/02 - PopUp articulo carrito/Page_Falabella_EnvioGratis/b_SubText_1er_subtitulo' is: 'GIORGIO ARMANI'

2022-08-17 20:28:54 - [TEST_STEP][PASSED] - out.println(textoItemCompra): null

2022-08-17 20:28:54 - [TEST_STEP][PASSED] - click(findTestObject("Object Repository/02 - PopUp articulo carrito/Page_Falabella_EnvioGratis/b_SubText_1er_subtitulo")): Object: 'Object Repository/02 - PopUp articulo carrito/Page_Falabella_EnvioGratis/b_SubText_1er_subtitulo' is clicked on

2022-08-17 20:29:01 - [MESSAGE][PASSED] - Object: 'Object Repository/02 - PopUp articulo carrito/Page_Falabella_EnvioGratis/b_SubText_1er_subtitulo' is clicked on

2022-08-17 20:29:01 - [TEST_STEP][PASSED] - if (verifyElementPresent(findTestObject("Object Repository/02 - PopUp articulo carrito/Page_Falabella_EnvioGratis/a_GIORGIO ARMANI"), 2, OPTIONAL)): null

2022-08-17 20:29:01 - [MESSAGE][PASSED] - Object 'Object Repository/02 - PopUp articulo carrito/Page_Falabella_EnvioGratis/a_GIORGIO ARMANI' is present

2022-08-17 20:29:01 - [TEST_STEP][PASSED] - textoPreCarro = getText(findTestObject("Object Repository/02 - PopUp articulo carrito/Page_Falabella_EnvioGratis/a_GIORGIO ARMANI")): Text of object 'Object Repository/02 - PopUp articulo carrito/Page_Falabella_EnvioGratis/a_GIORGIO ARMANI' is: 'GIORGIO ARMANI'

2022-08-17 20:29:01 - [MESSAGE][PASSED] - Text of object 'Object Repository/02 - PopUp articulo carrito/Page_Falabella_EnvioGratis/a_GIORGIO ARMANI' is: 'GIORGIO ARMANI'

2022-08-17 20:29:01 - [TEST_STEP][PASSED] - out.println(textoPreCarro): null

2022-08-17 20:29:01 - [TEST_STEP][PASSED] - Assert.assertEquals(textoPreCarro, textoItemCompra): null]]></system-out>
         <system-err><![CDATA[]]></system-err>
      </testcase>
      <testcase name="Test Cases/inicioSesion/03 - AgregarAlCarro" time="2.434" classname="Test Cases/inicioSesion/03 - AgregarAlCarro" status="PASSED">
         <system-out><![CDATA[2022-08-17 20:29:01 - [TEST_CASE][PASSED] - Test Cases/inicioSesion/03 - AgregarAlCarro: Test Cases/inicioSesion/03 - AgregarAlCarro

2022-08-17 20:29:01 - [TEST_STEP][PASSED] - Fecha = new java.util.Date(): null

2022-08-17 20:29:01 - [TEST_STEP][PASSED] - Dia = Fecha.format("dd_MM_yy"): null

2022-08-17 20:29:01 - [TEST_STEP][PASSED] - Hora = Fecha.format("hh_mm_ss"): null

2022-08-17 20:29:01 - [TEST_STEP][PASSED] - robot = new java.awt.Robot(): null

2022-08-17 20:29:01 - [TEST_STEP][PASSED] - subPopupPreCarro = <not implemented yet for class: org.codehaus.groovy.ast.expr.EmptyExpression>: null

2022-08-17 20:29:01 - [TEST_STEP][PASSED] - textoPreCarro = <not implemented yet for class: org.codehaus.groovy.ast.expr.EmptyExpression>: null

2022-08-17 20:29:01 - [TEST_STEP][PASSED] - if (verifyElementPresent(findTestObject("01 - Login/Page_falabellacom  Todo lo que necesitas en_591ae0/div_Logo_Falabella"), 2, OPTIONAL)): null

2022-08-17 20:29:01 - [MESSAGE][PASSED] - Object 'Object Repository/01 - Login/Page_falabellacom  Todo lo que necesitas en_591ae0/div_Logo_Falabella' is present

2022-08-17 20:29:01 - [TEST_STEP][PASSED] - out.println("-> Apertura pagina Falabella OK"): null

2022-08-17 20:29:01 - [TEST_STEP][PASSED] - if (verifyElementPresent(findTestObject("Object Repository/02 - PopUp articulo carrito/Page_Falabella_EnvioGratis/a_GIORGIO ARMANI"), 2, OPTIONAL)): null

2022-08-17 20:29:01 - [MESSAGE][PASSED] - Object 'Object Repository/02 - PopUp articulo carrito/Page_Falabella_EnvioGratis/a_GIORGIO ARMANI' is present

2022-08-17 20:29:01 - [TEST_STEP][PASSED] - textoPreCarro = getText(findTestObject("Object Repository/02 - PopUp articulo carrito/Page_Falabella_EnvioGratis/a_GIORGIO ARMANI")): Text of object 'Object Repository/02 - PopUp articulo carrito/Page_Falabella_EnvioGratis/a_GIORGIO ARMANI' is: 'GIORGIO ARMANI'

2022-08-17 20:29:02 - [MESSAGE][PASSED] - Text of object 'Object Repository/02 - PopUp articulo carrito/Page_Falabella_EnvioGratis/a_GIORGIO ARMANI' is: 'GIORGIO ARMANI'

2022-08-17 20:29:02 - [TEST_STEP][PASSED] - out.println(textoPreCarro): null

2022-08-17 20:29:02 - [TEST_STEP][PASSED] - if (verifyElementPresent(findTestObject("Object Repository/03 - AgregarAlCarro/Page_popup_agregar_carro/button_Agregar al Carro"), 2, OPTIONAL)): null

2022-08-17 20:29:02 - [MESSAGE][PASSED] - Object 'Object Repository/03 - AgregarAlCarro/Page_popup_agregar_carro/button_Agregar al Carro' is present

2022-08-17 20:29:02 - [TEST_STEP][PASSED] - click(findTestObject("Object Repository/03 - AgregarAlCarro/Page_popup_agregar_carro/button_Agregar al Carro")): Object: 'Object Repository/03 - AgregarAlCarro/Page_popup_agregar_carro/button_Agregar al Carro' is clicked on

2022-08-17 20:29:02 - [MESSAGE][PASSED] - Object: 'Object Repository/03 - AgregarAlCarro/Page_popup_agregar_carro/button_Agregar al Carro' is clicked on

2022-08-17 20:29:02 - [TEST_STEP][PASSED] - if (verifyElementPresent(findTestObject("Object Repository/03 - AgregarAlCarro/Page_popup_agregar_carro/span_Popup_GIORGIO ARMANI"), 2, OPTIONAL)): null

2022-08-17 20:29:03 - [MESSAGE][PASSED] - Object 'Object Repository/03 - AgregarAlCarro/Page_popup_agregar_carro/span_Popup_GIORGIO ARMANI' is present

2022-08-17 20:29:03 - [TEST_STEP][PASSED] - subPopupPreCarro = getText(findTestObject("Object Repository/03 - AgregarAlCarro/Page_popup_agregar_carro/span_Popup_GIORGIO ARMANI")): Text of object 'Object Repository/03 - AgregarAlCarro/Page_popup_agregar_carro/span_Popup_GIORGIO ARMANI' is: 'GIORGIO ARMANI'

2022-08-17 20:29:03 - [MESSAGE][PASSED] - Text of object 'Object Repository/03 - AgregarAlCarro/Page_popup_agregar_carro/span_Popup_GIORGIO ARMANI' is: 'GIORGIO ARMANI'

2022-08-17 20:29:03 - [TEST_STEP][PASSED] - out.println(subPopupPreCarro): null

2022-08-17 20:29:03 - [TEST_STEP][PASSED] - Assert.assertEquals(textoPreCarro, subPopupPreCarro): null]]></system-out>
         <system-err><![CDATA[]]></system-err>
      </testcase>
      <testcase name="Test Cases/inicioSesion/04 - Revision carrito" time="7.029" classname="Test Cases/inicioSesion/04 - Revision carrito" status="PASSED">
         <system-out><![CDATA[2022-08-17 20:29:03 - [TEST_CASE][PASSED] - Test Cases/inicioSesion/04 - Revision carrito: Test Cases/inicioSesion/04 - Revision carrito

2022-08-17 20:29:04 - [TEST_STEP][PASSED] - Fecha = new java.util.Date(): null

2022-08-17 20:29:04 - [TEST_STEP][PASSED] - Dia = Fecha.format("dd_MM_yy"): null

2022-08-17 20:29:04 - [TEST_STEP][PASSED] - Hora = Fecha.format("hh_mm_ss"): null

2022-08-17 20:29:04 - [TEST_STEP][PASSED] - robot = new java.awt.Robot(): null

2022-08-17 20:29:04 - [TEST_STEP][PASSED] - NumArticuloPopUp = <not implemented yet for class: org.codehaus.groovy.ast.expr.EmptyExpression>: null

2022-08-17 20:29:04 - [TEST_STEP][PASSED] - NumArticuloCarrito = <not implemented yet for class: org.codehaus.groovy.ast.expr.EmptyExpression>: null

2022-08-17 20:29:04 - [TEST_STEP][PASSED] - if (verifyElementPresent(findTestObject("Object Repository/04 - Revision carrito/Page_Revision carrito/span_CodProdPopUp"), 2, OPTIONAL)): null

2022-08-17 20:29:04 - [MESSAGE][PASSED] - Object 'Object Repository/04 - Revision carrito/Page_Revision carrito/span_CodProdPopUp' is present

2022-08-17 20:29:04 - [TEST_STEP][PASSED] - NumArticuloPopUp = getText(findTestObject("Object Repository/03 - AgregarAlCarro/Page_popup_agregar_carro/span_Popup_GIORGIO ARMANI")): Text of object 'Object Repository/03 - AgregarAlCarro/Page_popup_agregar_carro/span_Popup_GIORGIO ARMANI' is: 'GIORGIO ARMANI'

2022-08-17 20:29:04 - [MESSAGE][PASSED] - Text of object 'Object Repository/03 - AgregarAlCarro/Page_popup_agregar_carro/span_Popup_GIORGIO ARMANI' is: 'GIORGIO ARMANI'

2022-08-17 20:29:04 - [TEST_STEP][PASSED] - out.println(NumArticuloPopUp): null

2022-08-17 20:29:04 - [TEST_STEP][PASSED] - if (verifyElementPresent(findTestObject("Object Repository/03 - AgregarAlCarro/Page_popup_agregar_carro/button_popup_Seguir comprando"), 2, OPTIONAL)): null

2022-08-17 20:29:04 - [MESSAGE][PASSED] - Object 'Object Repository/03 - AgregarAlCarro/Page_popup_agregar_carro/button_popup_Seguir comprando' is present

2022-08-17 20:29:04 - [TEST_STEP][PASSED] - click(findTestObject("Object Repository/03 - AgregarAlCarro/Page_popup_agregar_carro/button_popup_Seguir comprando")): Object: 'Object Repository/03 - AgregarAlCarro/Page_popup_agregar_carro/button_popup_Seguir comprando' is clicked on

2022-08-17 20:29:04 - [MESSAGE][PASSED] - Object: 'Object Repository/03 - AgregarAlCarro/Page_popup_agregar_carro/button_popup_Seguir comprando' is clicked on

2022-08-17 20:29:04 - [TEST_STEP][PASSED] - if (verifyElementPresent(findTestObject("Object Repository/01 - Login/Page_falabellacom  Todo lo que necesitas en_591ae0/div_Logo_Falabella"), 2, OPTIONAL)): null

2022-08-17 20:29:04 - [MESSAGE][PASSED] - Object 'Object Repository/01 - Login/Page_falabellacom  Todo lo que necesitas en_591ae0/div_Logo_Falabella' is present

2022-08-17 20:29:04 - [TEST_STEP][PASSED] - click(findTestObject("Object Repository/01 - Login/Page_falabellacom  Todo lo que necesitas en_591ae0/div_Logo_Falabella")): Object: 'Object Repository/01 - Login/Page_falabellacom  Todo lo que necesitas en_591ae0/div_Logo_Falabella' is clicked on

2022-08-17 20:29:07 - [MESSAGE][PASSED] - Object: 'Object Repository/01 - Login/Page_falabellacom  Todo lo que necesitas en_591ae0/div_Logo_Falabella' is clicked on

2022-08-17 20:29:07 - [TEST_STEP][PASSED] - if (verifyElementPresent(findTestObject("Object Repository/04 - Revision carrito/Page_Revision carrito/i_CarroCompras"), 2, OPTIONAL)): null

2022-08-17 20:29:07 - [MESSAGE][PASSED] - Object 'Object Repository/04 - Revision carrito/Page_Revision carrito/i_CarroCompras' is present

2022-08-17 20:29:07 - [TEST_STEP][PASSED] - click(findTestObject("Object Repository/04 - Revision carrito/Page_Revision carrito/i_CarroCompras")): Object: 'Object Repository/04 - Revision carrito/Page_Revision carrito/i_CarroCompras' is clicked on

2022-08-17 20:29:10 - [MESSAGE][PASSED] - Object: 'Object Repository/04 - Revision carrito/Page_Revision carrito/i_CarroCompras' is clicked on

2022-08-17 20:29:10 - [TEST_STEP][PASSED] - if (verifyElementPresent(findTestObject("Object Repository/04 - Revision carrito/Page_Revision carrito/span_CodProd_Carrito"), 2, OPTIONAL)): null

2022-08-17 20:29:10 - [MESSAGE][PASSED] - Object 'Object Repository/04 - Revision carrito/Page_Revision carrito/span_CodProd_Carrito' is present

2022-08-17 20:29:10 - [TEST_STEP][PASSED] - NumArticuloCarrito = getText(findTestObject("Object Repository/04 - Revision carrito/Page_Revision carrito/span_CodProd_Carrito")): Text of object 'Object Repository/04 - Revision carrito/Page_Revision carrito/span_CodProd_Carrito' is: 'Código: 15245311'

2022-08-17 20:29:10 - [MESSAGE][PASSED] - Text of object 'Object Repository/04 - Revision carrito/Page_Revision carrito/span_CodProd_Carrito' is: 'Código: 15245311'

2022-08-17 20:29:10 - [TEST_STEP][PASSED] - out.println(NumArticuloCarrito): null]]></system-out>
         <system-err><![CDATA[]]></system-err>
      </testcase>
      <testcase name="Test Cases/inicioSesion/05 - Continuar con la compra" time="14.289" classname="Test Cases/inicioSesion/05 - Continuar con la compra" status="FAILED">
         <failure type="FAILED" message="Test Cases/inicioSesion/05 - Continuar con la compra FAILED.
Reason:
com.kms.katalon.core.exception.StepFailedException: Unable to set text 'Casa' of object 'Object Repository/05 - Continuar con la compra/Page_Falabellacom/input_Popup_Dpto_Casa_Oficina'
	at com.kms.katalon.core.webui.keyword.internal.WebUIKeywordMain.stepFailed(WebUIKeywordMain.groovy:64)
	at com.kms.katalon.core.webui.keyword.internal.WebUIKeywordMain.runKeyword(WebUIKeywordMain.groovy:26)
	at com.kms.katalon.core.webui.keyword.builtin.SetTextKeyword.setText(SetTextKeyword.groovy:66)
	at com.kms.katalon.core.webui.keyword.builtin.SetTextKeyword.execute(SetTextKeyword.groovy:37)
	at com.kms.katalon.core.keyword.internal.KeywordExecutor.executeKeywordForPlatform(KeywordExecutor.groovy:72)
	at com.kms.katalon.core.webui.keyword.WebUiBuiltInKeywords.setText(WebUiBuiltInKeywords.groovy:976)
	at com.kms.katalon.core.webui.keyword.WebUiBuiltInKeywords$setText$5.call(Unknown Source)
	at 05 - Continuar con la compra.run(05 - Continuar con la compra:52)
	at com.kms.katalon.core.main.ScriptEngine.run(ScriptEngine.java:194)
	at com.kms.katalon.core.main.ScriptEngine.runScriptAsRawText(ScriptEngine.java:119)
	at com.kms.katalon.core.main.TestCaseExecutor.runScript(TestCaseExecutor.java:337)
	at com.kms.katalon.core.main.TestCaseExecutor.doExecute(TestCaseExecutor.java:328)
	at com.kms.katalon.core.main.TestCaseExecutor.processExecutionPhase(TestCaseExecutor.java:307)
	at com.kms.katalon.core.main.TestCaseExecutor.accessMainPhase(TestCaseExecutor.java:299)
	at com.kms.katalon.core.main.TestCaseExecutor.execute(TestCaseExecutor.java:233)
	at com.kms.katalon.core.main.TestSuiteExecutor.accessTestCaseMainPhase(TestSuiteExecutor.java:169)
	at com.kms.katalon.core.main.TestSuiteExecutor.accessTestSuiteMainPhase(TestSuiteExecutor.java:142)
	at com.kms.katalon.core.main.TestSuiteExecutor.execute(TestSuiteExecutor.java:91)
	at com.kms.katalon.core.main.TestCaseMain.startTestSuite(TestCaseMain.java:157)
	at com.kms.katalon.core.main.TestCaseMain$startTestSuite$0.call(Unknown Source)
	at TempTestSuite1660778914678.run(TempTestSuite1660778914678.groovy:37)
Caused by: com.kms.katalon.core.webui.exception.WebElementNotFoundException: Web element with id: 'Object Repository/05 - Continuar con la compra/Page_Falabellacom/input_Popup_Dpto_Casa_Oficina' located by 'By.xpath: //input[@id='testId-Input-departmentNumber']' not found
	at com.kms.katalon.core.webui.common.WebUiCommonHelper.findWebElement(WebUiCommonHelper.java:1154)
	at com.kms.katalon.core.webui.keyword.internal.WebUIAbstractKeyword.findWebElement(WebUIAbstractKeyword.groovy:27)
	at com.kms.katalon.core.webui.keyword.internal.WebUIAbstractKeyword.findWebElement(WebUIAbstractKeyword.groovy:26)
	at com.kms.katalon.core.webui.keyword.builtin.SetTextKeyword$_setText_closure1.doCall(SetTextKeyword.groovy:51)
	at com.kms.katalon.core.webui.keyword.builtin.SetTextKeyword$_setText_closure1.call(SetTextKeyword.groovy)
	at com.kms.katalon.core.webui.keyword.internal.WebUIKeywordMain.runKeyword(WebUIKeywordMain.groovy:20)
	... 19 more
"/>
         <system-out><![CDATA[2022-08-17 20:29:10 - [TEST_CASE][FAILED] - Test Cases/inicioSesion/05 - Continuar con la compra: Test Cases/inicioSesion/05 - Continuar con la compra FAILED.
Reason:
com.kms.katalon.core.exception.StepFailedException: Unable to set text 'Casa' of object 'Object Repository/05 - Continuar con la compra/Page_Falabellacom/input_Popup_Dpto_Casa_Oficina'
	at com.kms.katalon.core.webui.keyword.internal.WebUIKeywordMain.stepFailed(WebUIKeywordMain.groovy:64)
	at com.kms.katalon.core.webui.keyword.internal.WebUIKeywordMain.runKeyword(WebUIKeywordMain.groovy:26)
	at com.kms.katalon.core.webui.keyword.builtin.SetTextKeyword.setText(SetTextKeyword.groovy:66)
	at com.kms.katalon.core.webui.keyword.builtin.SetTextKeyword.execute(SetTextKeyword.groovy:37)
	at com.kms.katalon.core.keyword.internal.KeywordExecutor.executeKeywordForPlatform(KeywordExecutor.groovy:72)
	at com.kms.katalon.core.webui.keyword.WebUiBuiltInKeywords.setText(WebUiBuiltInKeywords.groovy:976)
	at com.kms.katalon.core.webui.keyword.WebUiBuiltInKeywords$setText$5.call(Unknown Source)
	at 05 - Continuar con la compra.run(05 - Continuar con la compra:52)
	at com.kms.katalon.core.main.ScriptEngine.run(ScriptEngine.java:194)
	at com.kms.katalon.core.main.ScriptEngine.runScriptAsRawText(ScriptEngine.java:119)
	at com.kms.katalon.core.main.TestCaseExecutor.runScript(TestCaseExecutor.java:337)
	at com.kms.katalon.core.main.TestCaseExecutor.doExecute(TestCaseExecutor.java:328)
	at com.kms.katalon.core.main.TestCaseExecutor.processExecutionPhase(TestCaseExecutor.java:307)
	at com.kms.katalon.core.main.TestCaseExecutor.accessMainPhase(TestCaseExecutor.java:299)
	at com.kms.katalon.core.main.TestCaseExecutor.execute(TestCaseExecutor.java:233)
	at com.kms.katalon.core.main.TestSuiteExecutor.accessTestCaseMainPhase(TestSuiteExecutor.java:169)
	at com.kms.katalon.core.main.TestSuiteExecutor.accessTestSuiteMainPhase(TestSuiteExecutor.java:142)
	at com.kms.katalon.core.main.TestSuiteExecutor.execute(TestSuiteExecutor.java:91)
	at com.kms.katalon.core.main.TestCaseMain.startTestSuite(TestCaseMain.java:157)
	at com.kms.katalon.core.main.TestCaseMain$startTestSuite$0.call(Unknown Source)
	at TempTestSuite1660778914678.run(TempTestSuite1660778914678.groovy:37)
Caused by: com.kms.katalon.core.webui.exception.WebElementNotFoundException: Web element with id: 'Object Repository/05 - Continuar con la compra/Page_Falabellacom/input_Popup_Dpto_Casa_Oficina' located by 'By.xpath: //input[@id='testId-Input-departmentNumber']' not found
	at com.kms.katalon.core.webui.common.WebUiCommonHelper.findWebElement(WebUiCommonHelper.java:1154)
	at com.kms.katalon.core.webui.keyword.internal.WebUIAbstractKeyword.findWebElement(WebUIAbstractKeyword.groovy:27)
	at com.kms.katalon.core.webui.keyword.internal.WebUIAbstractKeyword.findWebElement(WebUIAbstractKeyword.groovy:26)
	at com.kms.katalon.core.webui.keyword.builtin.SetTextKeyword$_setText_closure1.doCall(SetTextKeyword.groovy:51)
	at com.kms.katalon.core.webui.keyword.builtin.SetTextKeyword$_setText_closure1.call(SetTextKeyword.groovy)
	at com.kms.katalon.core.webui.keyword.internal.WebUIKeywordMain.runKeyword(WebUIKeywordMain.groovy:20)
	... 19 more


2022-08-17 20:29:11 - [TEST_STEP][PASSED] - Fecha = new java.util.Date(): null

2022-08-17 20:29:11 - [TEST_STEP][PASSED] - Dia = Fecha.format("dd_MM_yy"): null

2022-08-17 20:29:11 - [TEST_STEP][PASSED] - Hora = Fecha.format("hh_mm_ss"): null

2022-08-17 20:29:11 - [TEST_STEP][PASSED] - robot = new java.awt.Robot(): null

2022-08-17 20:29:11 - [TEST_STEP][PASSED] - if (verifyElementPresent(findTestObject("Object Repository/05 - Continuar con la compra/Page_Falabellacom/button_ContinuarCompraCarrito"), 2, OPTIONAL)): null

2022-08-17 20:29:11 - [MESSAGE][PASSED] - Object 'Object Repository/05 - Continuar con la compra/Page_Falabellacom/button_ContinuarCompraCarrito' is present

2022-08-17 20:29:11 - [TEST_STEP][PASSED] - click(findTestObject("Object Repository/05 - Continuar con la compra/Page_Falabellacom/button_ContinuarCompraCarrito")): Object: 'Object Repository/05 - Continuar con la compra/Page_Falabellacom/button_ContinuarCompraCarrito' is clicked on

2022-08-17 20:29:14 - [MESSAGE][PASSED] - Object: 'Object Repository/05 - Continuar con la compra/Page_Falabellacom/button_ContinuarCompraCarrito' is clicked on

2022-08-17 20:29:14 - [TEST_STEP][PASSED] - if (verifyElementPresent(findTestObject("Object Repository/05 - Continuar con la compra/Page_Falabellacom/input_Correo"), 2, OPTIONAL)): null

2022-08-17 20:29:14 - [MESSAGE][PASSED] - Object 'Object Repository/05 - Continuar con la compra/Page_Falabellacom/input_Correo' is present

2022-08-17 20:29:14 - [TEST_STEP][PASSED] - setText(findTestObject("Object Repository/05 - Continuar con la compra/Page_Falabellacom/input_Correo"), "aa@bb.cc"): Text 'aa@bb.cc' is set on object 'Object Repository/05 - Continuar con la compra/Page_Falabellacom/input_Correo'

2022-08-17 20:29:15 - [MESSAGE][PASSED] - Text 'aa@bb.cc' is set on object 'Object Repository/05 - Continuar con la compra/Page_Falabellacom/input_Correo'

2022-08-17 20:29:15 - [TEST_STEP][PASSED] - click(findTestObject("Object Repository/05 - Continuar con la compra/Page_Falabellacom/button_ContinuarCorreo")): Object: 'Object Repository/05 - Continuar con la compra/Page_Falabellacom/button_ContinuarCorreo' is clicked on

2022-08-17 20:29:16 - [MESSAGE][PASSED] - Object: 'Object Repository/05 - Continuar con la compra/Page_Falabellacom/button_ContinuarCorreo' is clicked on

2022-08-17 20:29:16 - [TEST_STEP][PASSED] - delay(3): Delayed 3 second(s)

2022-08-17 20:29:19 - [MESSAGE][PASSED] - Delayed 3 second(s)

2022-08-17 20:29:19 - [TEST_STEP][PASSED] - if (verifyElementPresent(findTestObject("05 - Continuar con la compra/Page_Falabellacom/input_Popup_Calle"), 2, OPTIONAL)): null

2022-08-17 20:29:19 - [MESSAGE][PASSED] - Object 'Object Repository/05 - Continuar con la compra/Page_Falabellacom/input_Popup_Calle' is present

2022-08-17 20:29:19 - [TEST_STEP][PASSED] - setText(findTestObject("05 - Continuar con la compra/Page_Falabellacom/input_Popup_Calle"), "calle central 123, maipu"): Text 'calle central 123, maipu' is set on object 'Object Repository/05 - Continuar con la compra/Page_Falabellacom/input_Popup_Calle'

2022-08-17 20:29:19 - [MESSAGE][PASSED] - Text 'calle central 123, maipu' is set on object 'Object Repository/05 - Continuar con la compra/Page_Falabellacom/input_Popup_Calle'

2022-08-17 20:29:19 - [TEST_STEP][PASSED] - click(findTestObject("Object Repository/05 - Continuar con la compra/Page_Falabellacom/button_Boton_seleccionAutomaticaCalle")): Object: 'Object Repository/05 - Continuar con la compra/Page_Falabellacom/button_Boton_seleccionAutomaticaCalle' is clicked on

2022-08-17 20:29:19 - [MESSAGE][PASSED] - Object: 'Object Repository/05 - Continuar con la compra/Page_Falabellacom/button_Boton_seleccionAutomaticaCalle' is clicked on

2022-08-17 20:29:19 - [TEST_STEP][FAILED] - setText(findTestObject("Object Repository/05 - Continuar con la compra/Page_Falabellacom/input_Popup_Dpto_Casa_Oficina"), "Casa"): Unable to set text 'Casa' of object 'Object Repository/05 - Continuar con la compra/Page_Falabellacom/input_Popup_Dpto_Casa_Oficina' (Root cause: com.kms.katalon.core.exception.StepFailedException: Unable to set text 'Casa' of object 'Object Repository/05 - Continuar con la compra/Page_Falabellacom/input_Popup_Dpto_Casa_Oficina'
	at com.kms.katalon.core.webui.keyword.internal.WebUIKeywordMain.stepFailed(WebUIKeywordMain.groovy:64)
	at com.kms.katalon.core.webui.keyword.internal.WebUIKeywordMain.runKeyword(WebUIKeywordMain.groovy:26)
	at com.kms.katalon.core.webui.keyword.builtin.SetTextKeyword.setText(SetTextKeyword.groovy:66)
	at com.kms.katalon.core.webui.keyword.builtin.SetTextKeyword.execute(SetTextKeyword.groovy:37)
	at com.kms.katalon.core.keyword.internal.KeywordExecutor.executeKeywordForPlatform(KeywordExecutor.groovy:72)
	at com.kms.katalon.core.webui.keyword.WebUiBuiltInKeywords.setText(WebUiBuiltInKeywords.groovy:976)
	at com.kms.katalon.core.webui.keyword.WebUiBuiltInKeywords$setText$5.call(Unknown Source)
	at 05 - Continuar con la compra.run(05 - Continuar con la compra:52)
	at com.kms.katalon.core.main.ScriptEngine.run(ScriptEngine.java:194)
	at com.kms.katalon.core.main.ScriptEngine.runScriptAsRawText(ScriptEngine.java:119)
	at com.kms.katalon.core.main.TestCaseExecutor.runScript(TestCaseExecutor.java:337)
	at com.kms.katalon.core.main.TestCaseExecutor.doExecute(TestCaseExecutor.java:328)
	at com.kms.katalon.core.main.TestCaseExecutor.processExecutionPhase(TestCaseExecutor.java:307)
	at com.kms.katalon.core.main.TestCaseExecutor.accessMainPhase(TestCaseExecutor.java:299)
	at com.kms.katalon.core.main.TestCaseExecutor.execute(TestCaseExecutor.java:233)
	at com.kms.katalon.core.main.TestSuiteExecutor.accessTestCaseMainPhase(TestSuiteExecutor.java:169)
	at com.kms.katalon.core.main.TestSuiteExecutor.accessTestSuiteMainPhase(TestSuiteExecutor.java:142)
	at com.kms.katalon.core.main.TestSuiteExecutor.execute(TestSuiteExecutor.java:91)
	at com.kms.katalon.core.main.TestCaseMain.startTestSuite(TestCaseMain.java:157)
	at com.kms.katalon.core.main.TestCaseMain$startTestSuite$0.call(Unknown Source)
	at TempTestSuite1660778914678.run(TempTestSuite1660778914678.groovy:37)
Caused by: com.kms.katalon.core.webui.exception.WebElementNotFoundException: Web element with id: 'Object Repository/05 - Continuar con la compra/Page_Falabellacom/input_Popup_Dpto_Casa_Oficina' located by 'By.xpath: //input[@id='testId-Input-departmentNumber']' not found
	at com.kms.katalon.core.webui.common.WebUiCommonHelper.findWebElement(WebUiCommonHelper.java:1154)
	at com.kms.katalon.core.webui.keyword.internal.WebUIAbstractKeyword.findWebElement(WebUIAbstractKeyword.groovy:27)
	at com.kms.katalon.core.webui.keyword.internal.WebUIAbstractKeyword.findWebElement(WebUIAbstractKeyword.groovy:26)
	at com.kms.katalon.core.webui.keyword.builtin.SetTextKeyword$_setText_closure1.doCall(SetTextKeyword.groovy:51)
	at com.kms.katalon.core.webui.keyword.builtin.SetTextKeyword$_setText_closure1.call(SetTextKeyword.groovy)
	at com.kms.katalon.core.webui.keyword.internal.WebUIKeywordMain.runKeyword(WebUIKeywordMain.groovy:20)
	at com.kms.katalon.core.webui.keyword.builtin.SetTextKeyword.setText(SetTextKeyword.groovy:66)
	at com.kms.katalon.core.webui.keyword.builtin.SetTextKeyword.execute(SetTextKeyword.groovy:37)
	at com.kms.katalon.core.keyword.internal.KeywordExecutor.executeKeywordForPlatform(KeywordExecutor.groovy:72)
	at com.kms.katalon.core.webui.keyword.WebUiBuiltInKeywords.setText(WebUiBuiltInKeywords.groovy:976)
	at com.kms.katalon.core.webui.keyword.WebUiBuiltInKeywords$setText$5.call(Unknown Source)
	at Script1660776635007.run(Script1660776635007.groovy:52)
	... 13 more
)

2022-08-17 20:29:25 - [MESSAGE][INFO] - Unable to find the element located by 'By.xpath: //input[@id='testId-Input-departmentNumber']'. Please recheck the objects properties to make sure the desired element is located. 

2022-08-17 20:29:25 - [MESSAGE][FAILED] - Unable to set text 'Casa' of object 'Object Repository/05 - Continuar con la compra/Page_Falabellacom/input_Popup_Dpto_Casa_Oficina' (Root cause: com.kms.katalon.core.exception.StepFailedException: Unable to set text 'Casa' of object 'Object Repository/05 - Continuar con la compra/Page_Falabellacom/input_Popup_Dpto_Casa_Oficina'
	at com.kms.katalon.core.webui.keyword.internal.WebUIKeywordMain.stepFailed(WebUIKeywordMain.groovy:64)
	at com.kms.katalon.core.webui.keyword.internal.WebUIKeywordMain.runKeyword(WebUIKeywordMain.groovy:26)
	at com.kms.katalon.core.webui.keyword.builtin.SetTextKeyword.setText(SetTextKeyword.groovy:66)
	at com.kms.katalon.core.webui.keyword.builtin.SetTextKeyword.execute(SetTextKeyword.groovy:37)
	at com.kms.katalon.core.keyword.internal.KeywordExecutor.executeKeywordForPlatform(KeywordExecutor.groovy:72)
	at com.kms.katalon.core.webui.keyword.WebUiBuiltInKeywords.setText(WebUiBuiltInKeywords.groovy:976)
	at com.kms.katalon.core.webui.keyword.WebUiBuiltInKeywords$setText$5.call(Unknown Source)
	at 05 - Continuar con la compra.run(05 - Continuar con la compra:52)
	at com.kms.katalon.core.main.ScriptEngine.run(ScriptEngine.java:194)
	at com.kms.katalon.core.main.ScriptEngine.runScriptAsRawText(ScriptEngine.java:119)
	at com.kms.katalon.core.main.TestCaseExecutor.runScript(TestCaseExecutor.java:337)
	at com.kms.katalon.core.main.TestCaseExecutor.doExecute(TestCaseExecutor.java:328)
	at com.kms.katalon.core.main.TestCaseExecutor.processExecutionPhase(TestCaseExecutor.java:307)
	at com.kms.katalon.core.main.TestCaseExecutor.accessMainPhase(TestCaseExecutor.java:299)
	at com.kms.katalon.core.main.TestCaseExecutor.execute(TestCaseExecutor.java:233)
	at com.kms.katalon.core.main.TestSuiteExecutor.accessTestCaseMainPhase(TestSuiteExecutor.java:169)
	at com.kms.katalon.core.main.TestSuiteExecutor.accessTestSuiteMainPhase(TestSuiteExecutor.java:142)
	at com.kms.katalon.core.main.TestSuiteExecutor.execute(TestSuiteExecutor.java:91)
	at com.kms.katalon.core.main.TestCaseMain.startTestSuite(TestCaseMain.java:157)
	at com.kms.katalon.core.main.TestCaseMain$startTestSuite$0.call(Unknown Source)
	at TempTestSuite1660778914678.run(TempTestSuite1660778914678.groovy:37)
Caused by: com.kms.katalon.core.webui.exception.WebElementNotFoundException: Web element with id: 'Object Repository/05 - Continuar con la compra/Page_Falabellacom/input_Popup_Dpto_Casa_Oficina' located by 'By.xpath: //input[@id='testId-Input-departmentNumber']' not found
	at com.kms.katalon.core.webui.common.WebUiCommonHelper.findWebElement(WebUiCommonHelper.java:1154)
	at com.kms.katalon.core.webui.keyword.internal.WebUIAbstractKeyword.findWebElement(WebUIAbstractKeyword.groovy:27)
	at com.kms.katalon.core.webui.keyword.internal.WebUIAbstractKeyword.findWebElement(WebUIAbstractKeyword.groovy:26)
	at com.kms.katalon.core.webui.keyword.builtin.SetTextKeyword$_setText_closure1.doCall(SetTextKeyword.groovy:51)
	at com.kms.katalon.core.webui.keyword.builtin.SetTextKeyword$_setText_closure1.call(SetTextKeyword.groovy)
	at com.kms.katalon.core.webui.keyword.internal.WebUIKeywordMain.runKeyword(WebUIKeywordMain.groovy:20)
	at com.kms.katalon.core.webui.keyword.builtin.SetTextKeyword.setText(SetTextKeyword.groovy:66)
	at com.kms.katalon.core.webui.keyword.builtin.SetTextKeyword.execute(SetTextKeyword.groovy:37)
	at com.kms.katalon.core.keyword.internal.KeywordExecutor.executeKeywordForPlatform(KeywordExecutor.groovy:72)
	at com.kms.katalon.core.webui.keyword.WebUiBuiltInKeywords.setText(WebUiBuiltInKeywords.groovy:976)
	at com.kms.katalon.core.webui.keyword.WebUiBuiltInKeywords$setText$5.call(Unknown Source)
	at Script1660776635007.run(Script1660776635007.groovy:52)
	... 13 more
)
[[ATTACHMENT|D:\\ProyectosAUT\\Katalon\\FalabellaAUT\\FalabellaAUT\\Reports\\20220817_202834\\Suite FalabellaAUT\\20220817_202834\\1660778965079.png]]]]></system-out>
         <system-err><![CDATA[2022-08-17 20:29:10 - [TEST_CASE][FAILED] - Test Cases/inicioSesion/05 - Continuar con la compra: Test Cases/inicioSesion/05 - Continuar con la compra FAILED.
Reason:
com.kms.katalon.core.exception.StepFailedException: Unable to set text 'Casa' of object 'Object Repository/05 - Continuar con la compra/Page_Falabellacom/input_Popup_Dpto_Casa_Oficina'
	at com.kms.katalon.core.webui.keyword.internal.WebUIKeywordMain.stepFailed(WebUIKeywordMain.groovy:64)
	at com.kms.katalon.core.webui.keyword.internal.WebUIKeywordMain.runKeyword(WebUIKeywordMain.groovy:26)
	at com.kms.katalon.core.webui.keyword.builtin.SetTextKeyword.setText(SetTextKeyword.groovy:66)
	at com.kms.katalon.core.webui.keyword.builtin.SetTextKeyword.execute(SetTextKeyword.groovy:37)
	at com.kms.katalon.core.keyword.internal.KeywordExecutor.executeKeywordForPlatform(KeywordExecutor.groovy:72)
	at com.kms.katalon.core.webui.keyword.WebUiBuiltInKeywords.setText(WebUiBuiltInKeywords.groovy:976)
	at com.kms.katalon.core.webui.keyword.WebUiBuiltInKeywords$setText$5.call(Unknown Source)
	at 05 - Continuar con la compra.run(05 - Continuar con la compra:52)
	at com.kms.katalon.core.main.ScriptEngine.run(ScriptEngine.java:194)
	at com.kms.katalon.core.main.ScriptEngine.runScriptAsRawText(ScriptEngine.java:119)
	at com.kms.katalon.core.main.TestCaseExecutor.runScript(TestCaseExecutor.java:337)
	at com.kms.katalon.core.main.TestCaseExecutor.doExecute(TestCaseExecutor.java:328)
	at com.kms.katalon.core.main.TestCaseExecutor.processExecutionPhase(TestCaseExecutor.java:307)
	at com.kms.katalon.core.main.TestCaseExecutor.accessMainPhase(TestCaseExecutor.java:299)
	at com.kms.katalon.core.main.TestCaseExecutor.execute(TestCaseExecutor.java:233)
	at com.kms.katalon.core.main.TestSuiteExecutor.accessTestCaseMainPhase(TestSuiteExecutor.java:169)
	at com.kms.katalon.core.main.TestSuiteExecutor.accessTestSuiteMainPhase(TestSuiteExecutor.java:142)
	at com.kms.katalon.core.main.TestSuiteExecutor.execute(TestSuiteExecutor.java:91)
	at com.kms.katalon.core.main.TestCaseMain.startTestSuite(TestCaseMain.java:157)
	at com.kms.katalon.core.main.TestCaseMain$startTestSuite$0.call(Unknown Source)
	at TempTestSuite1660778914678.run(TempTestSuite1660778914678.groovy:37)
Caused by: com.kms.katalon.core.webui.exception.WebElementNotFoundException: Web element with id: 'Object Repository/05 - Continuar con la compra/Page_Falabellacom/input_Popup_Dpto_Casa_Oficina' located by 'By.xpath: //input[@id='testId-Input-departmentNumber']' not found
	at com.kms.katalon.core.webui.common.WebUiCommonHelper.findWebElement(WebUiCommonHelper.java:1154)
	at com.kms.katalon.core.webui.keyword.internal.WebUIAbstractKeyword.findWebElement(WebUIAbstractKeyword.groovy:27)
	at com.kms.katalon.core.webui.keyword.internal.WebUIAbstractKeyword.findWebElement(WebUIAbstractKeyword.groovy:26)
	at com.kms.katalon.core.webui.keyword.builtin.SetTextKeyword$_setText_closure1.doCall(SetTextKeyword.groovy:51)
	at com.kms.katalon.core.webui.keyword.builtin.SetTextKeyword$_setText_closure1.call(SetTextKeyword.groovy)
	at com.kms.katalon.core.webui.keyword.internal.WebUIKeywordMain.runKeyword(WebUIKeywordMain.groovy:20)
	... 19 more]]></system-err>
      </testcase>
      <system-out><![CDATA[2022-08-17 20:28:39 - [TEST_SUITE][FAILED] - Suite FalabellaAUT: Test Cases/inicioSesion/05 - Continuar con la compra FAILED.
Reason:
com.kms.katalon.core.exception.StepFailedException: Unable to set text 'Casa' of object 'Object Repository/05 - Continuar con la compra/Page_Falabellacom/input_Popup_Dpto_Casa_Oficina'
	at com.kms.katalon.core.webui.keyword.internal.WebUIKeywordMain.stepFailed(WebUIKeywordMain.groovy:64)
	at com.kms.katalon.core.webui.keyword.internal.WebUIKeywordMain.runKeyword(WebUIKeywordMain.groovy:26)
	at com.kms.katalon.core.webui.keyword.builtin.SetTextKeyword.setText(SetTextKeyword.groovy:66)
	at com.kms.katalon.core.webui.keyword.builtin.SetTextKeyword.execute(SetTextKeyword.groovy:37)
	at com.kms.katalon.core.keyword.internal.KeywordExecutor.executeKeywordForPlatform(KeywordExecutor.groovy:72)
	at com.kms.katalon.core.webui.keyword.WebUiBuiltInKeywords.setText(WebUiBuiltInKeywords.groovy:976)
	at com.kms.katalon.core.webui.keyword.WebUiBuiltInKeywords$setText$5.call(Unknown Source)
	at 05 - Continuar con la compra.run(05 - Continuar con la compra:52)
	at com.kms.katalon.core.main.ScriptEngine.run(ScriptEngine.java:194)
	at com.kms.katalon.core.main.ScriptEngine.runScriptAsRawText(ScriptEngine.java:119)
	at com.kms.katalon.core.main.TestCaseExecutor.runScript(TestCaseExecutor.java:337)
	at com.kms.katalon.core.main.TestCaseExecutor.doExecute(TestCaseExecutor.java:328)
	at com.kms.katalon.core.main.TestCaseExecutor.processExecutionPhase(TestCaseExecutor.java:307)
	at com.kms.katalon.core.main.TestCaseExecutor.accessMainPhase(TestCaseExecutor.java:299)
	at com.kms.katalon.core.main.TestCaseExecutor.execute(TestCaseExecutor.java:233)
	at com.kms.katalon.core.main.TestSuiteExecutor.accessTestCaseMainPhase(TestSuiteExecutor.java:169)
	at com.kms.katalon.core.main.TestSuiteExecutor.accessTestSuiteMainPhase(TestSuiteExecutor.java:142)
	at com.kms.katalon.core.main.TestSuiteExecutor.execute(TestSuiteExecutor.java:91)
	at com.kms.katalon.core.main.TestCaseMain.startTestSuite(TestCaseMain.java:157)
	at com.kms.katalon.core.main.TestCaseMain$startTestSuite$0.call(Unknown Source)
	at TempTestSuite1660778914678.run(TempTestSuite1660778914678.groovy:37)
Caused by: com.kms.katalon.core.webui.exception.WebElementNotFoundException: Web element with id: 'Object Repository/05 - Continuar con la compra/Page_Falabellacom/input_Popup_Dpto_Casa_Oficina' located by 'By.xpath: //input[@id='testId-Input-departmentNumber']' not found
	at com.kms.katalon.core.webui.common.WebUiCommonHelper.findWebElement(WebUiCommonHelper.java:1154)
	at com.kms.katalon.core.webui.keyword.internal.WebUIAbstractKeyword.findWebElement(WebUIAbstractKeyword.groovy:27)
	at com.kms.katalon.core.webui.keyword.internal.WebUIAbstractKeyword.findWebElement(WebUIAbstractKeyword.groovy:26)
	at com.kms.katalon.core.webui.keyword.builtin.SetTextKeyword$_setText_closure1.doCall(SetTextKeyword.groovy:51)
	at com.kms.katalon.core.webui.keyword.builtin.SetTextKeyword$_setText_closure1.call(SetTextKeyword.groovy)
	at com.kms.katalon.core.webui.keyword.internal.WebUIKeywordMain.runKeyword(WebUIKeywordMain.groovy:20)
	... 19 more]]></system-out>
      <system-err><![CDATA[2022-08-17 20:28:39 - [TEST_SUITE][FAILED] - Suite FalabellaAUT: Test Cases/inicioSesion/05 - Continuar con la compra FAILED.
Reason:
com.kms.katalon.core.exception.StepFailedException: Unable to set text 'Casa' of object 'Object Repository/05 - Continuar con la compra/Page_Falabellacom/input_Popup_Dpto_Casa_Oficina'
	at com.kms.katalon.core.webui.keyword.internal.WebUIKeywordMain.stepFailed(WebUIKeywordMain.groovy:64)
	at com.kms.katalon.core.webui.keyword.internal.WebUIKeywordMain.runKeyword(WebUIKeywordMain.groovy:26)
	at com.kms.katalon.core.webui.keyword.builtin.SetTextKeyword.setText(SetTextKeyword.groovy:66)
	at com.kms.katalon.core.webui.keyword.builtin.SetTextKeyword.execute(SetTextKeyword.groovy:37)
	at com.kms.katalon.core.keyword.internal.KeywordExecutor.executeKeywordForPlatform(KeywordExecutor.groovy:72)
	at com.kms.katalon.core.webui.keyword.WebUiBuiltInKeywords.setText(WebUiBuiltInKeywords.groovy:976)
	at com.kms.katalon.core.webui.keyword.WebUiBuiltInKeywords$setText$5.call(Unknown Source)
	at 05 - Continuar con la compra.run(05 - Continuar con la compra:52)
	at com.kms.katalon.core.main.ScriptEngine.run(ScriptEngine.java:194)
	at com.kms.katalon.core.main.ScriptEngine.runScriptAsRawText(ScriptEngine.java:119)
	at com.kms.katalon.core.main.TestCaseExecutor.runScript(TestCaseExecutor.java:337)
	at com.kms.katalon.core.main.TestCaseExecutor.doExecute(TestCaseExecutor.java:328)
	at com.kms.katalon.core.main.TestCaseExecutor.processExecutionPhase(TestCaseExecutor.java:307)
	at com.kms.katalon.core.main.TestCaseExecutor.accessMainPhase(TestCaseExecutor.java:299)
	at com.kms.katalon.core.main.TestCaseExecutor.execute(TestCaseExecutor.java:233)
	at com.kms.katalon.core.main.TestSuiteExecutor.accessTestCaseMainPhase(TestSuiteExecutor.java:169)
	at com.kms.katalon.core.main.TestSuiteExecutor.accessTestSuiteMainPhase(TestSuiteExecutor.java:142)
	at com.kms.katalon.core.main.TestSuiteExecutor.execute(TestSuiteExecutor.java:91)
	at com.kms.katalon.core.main.TestCaseMain.startTestSuite(TestCaseMain.java:157)
	at com.kms.katalon.core.main.TestCaseMain$startTestSuite$0.call(Unknown Source)
	at TempTestSuite1660778914678.run(TempTestSuite1660778914678.groovy:37)
Caused by: com.kms.katalon.core.webui.exception.WebElementNotFoundException: Web element with id: 'Object Repository/05 - Continuar con la compra/Page_Falabellacom/input_Popup_Dpto_Casa_Oficina' located by 'By.xpath: //input[@id='testId-Input-departmentNumber']' not found
	at com.kms.katalon.core.webui.common.WebUiCommonHelper.findWebElement(WebUiCommonHelper.java:1154)
	at com.kms.katalon.core.webui.keyword.internal.WebUIAbstractKeyword.findWebElement(WebUIAbstractKeyword.groovy:27)
	at com.kms.katalon.core.webui.keyword.internal.WebUIAbstractKeyword.findWebElement(WebUIAbstractKeyword.groovy:26)
	at com.kms.katalon.core.webui.keyword.builtin.SetTextKeyword$_setText_closure1.doCall(SetTextKeyword.groovy:51)
	at com.kms.katalon.core.webui.keyword.builtin.SetTextKeyword$_setText_closure1.call(SetTextKeyword.groovy)
	at com.kms.katalon.core.webui.keyword.internal.WebUIKeywordMain.runKeyword(WebUIKeywordMain.groovy:20)
	... 19 more]]></system-err>
   </testsuite>
</testsuites>
